2020-03-31 08:54:58,425 WARN org.apache.hadoop.util.NativeCodeLoader: Unable to load native-hadoop library for your platform... using builtin-java classes where applicable
2020-03-31 08:55:03,656 WARN org.apache.hadoop.hdfs.shortcircuit.DomainSocketFactory: The short-circuit local reads feature cannot be used because libhadoop cannot be loaded.
2020-03-31 08:55:04,792 INFO org.apache.hadoop.conf.Configuration.deprecation: session.id is deprecated. Instead, use dfs.metrics.session-id
2020-03-31 08:55:04,890 INFO org.apache.hadoop.metrics.jvm.JvmMetrics: Initializing JVM Metrics with processName=JobTracker, sessionId=
2020-03-31 08:55:07,439 WARN org.apache.hadoop.mapreduce.JobResourceUploader: Hadoop command-line option parsing not performed. Implement the Tool interface and execute your application with ToolRunner to remedy this.
2020-03-31 08:55:07,448 WARN org.apache.hadoop.mapreduce.JobResourceUploader: No job jar file set.  User classes may not be found. See Job or Job#setJar(String).
2020-03-31 08:55:07,650 INFO org.apache.hadoop.mapreduce.lib.input.FileInputFormat: Total input paths to process : 1
2020-03-31 08:55:08,008 INFO org.apache.hadoop.mapreduce.JobSubmitter: number of splits:2
2020-03-31 08:55:09,278 INFO org.apache.hadoop.mapreduce.JobSubmitter: Submitting tokens for job: job_local1299732463_0001
2020-03-31 08:55:10,522 INFO org.apache.hadoop.mapreduce.Job: The url to track the job: http://localhost:8080/
2020-03-31 08:55:10,524 INFO org.apache.hadoop.mapreduce.Job: Running job: job_local1299732463_0001
2020-03-31 08:55:10,621 INFO org.apache.hadoop.mapred.LocalJobRunner: OutputCommitter set in config null
2020-03-31 08:55:10,696 INFO org.apache.hadoop.mapreduce.lib.output.FileOutputCommitter: File Output Committer Algorithm version is 1
2020-03-31 08:55:10,698 INFO org.apache.hadoop.mapreduce.lib.output.FileOutputCommitter: FileOutputCommitter skip cleanup _temporary folders under output directory:false, ignore cleanup failures: false
2020-03-31 08:55:10,700 INFO org.apache.hadoop.mapred.LocalJobRunner: OutputCommitter is org.apache.hadoop.mapreduce.lib.output.FileOutputCommitter
2020-03-31 08:55:10,984 INFO org.apache.hadoop.mapred.LocalJobRunner: Waiting for map tasks
2020-03-31 08:55:10,987 INFO org.apache.hadoop.mapred.LocalJobRunner: Starting task: attempt_local1299732463_0001_m_000000_0
2020-03-31 08:55:11,261 INFO org.apache.hadoop.mapreduce.lib.output.FileOutputCommitter: File Output Committer Algorithm version is 1
2020-03-31 08:55:11,264 INFO org.apache.hadoop.mapreduce.lib.output.FileOutputCommitter: FileOutputCommitter skip cleanup _temporary folders under output directory:false, ignore cleanup failures: false
2020-03-31 08:55:11,408 INFO org.apache.hadoop.mapred.Task:  Using ResourceCalculatorProcessTree : [ ]
2020-03-31 08:55:11,420 INFO org.apache.hadoop.mapred.MapTask: Processing split: hdfs://quickstart.cloudera:8020/user/cloudera/2459501/input1/2459501.csv:33554432+35651589
2020-03-31 08:55:11,682 INFO org.apache.hadoop.mapreduce.Job: Job job_local1299732463_0001 running in uber mode : false
2020-03-31 08:55:11,768 INFO org.apache.hadoop.mapreduce.Job:  map 0% reduce 0%
2020-03-31 08:55:12,003 INFO org.apache.hadoop.mapred.MapTask: (EQUATOR) 0 kvi 26214396(104857584)
2020-03-31 08:55:12,005 INFO org.apache.hadoop.mapred.MapTask: mapreduce.task.io.sort.mb: 100
2020-03-31 08:55:12,006 INFO org.apache.hadoop.mapred.MapTask: soft limit at 83886080
2020-03-31 08:55:12,006 INFO org.apache.hadoop.mapred.MapTask: bufstart = 0; bufvoid = 104857600
2020-03-31 08:55:12,007 INFO org.apache.hadoop.mapred.MapTask: kvstart = 26214396; length = 6553600
2020-03-31 08:55:12,023 INFO org.apache.hadoop.mapred.MapTask: Map output collector class = org.apache.hadoop.mapred.MapTask$MapOutputBuffer
2020-03-31 08:55:22,084 INFO org.apache.hadoop.mapred.MapTask: Spilling map output
2020-03-31 08:55:22,085 INFO org.apache.hadoop.mapred.MapTask: bufstart = 0; bufend = 47611011; bufvoid = 104857600
2020-03-31 08:55:22,085 INFO org.apache.hadoop.mapred.MapTask: kvstart = 26214396(104857584); kvend = 17145636(68582544); length = 9068761/6553600
2020-03-31 08:55:22,085 INFO org.apache.hadoop.mapred.MapTask: (EQUATOR) 56679763 kvi 14169936(56679744)
2020-03-31 08:55:23,688 INFO org.apache.hadoop.mapred.LocalJobRunner: map > map
2020-03-31 08:55:23,796 INFO org.apache.hadoop.mapreduce.Job:  map 25% reduce 0%
2020-03-31 08:55:27,939 INFO org.apache.hadoop.mapred.MapTask: Finished spill 0
2020-03-31 08:55:27,939 INFO org.apache.hadoop.mapred.MapTask: (RESET) equator 56679763 kv 14169936(56679744) kvi 11902760(47611040)
2020-03-31 08:55:29,420 INFO org.apache.hadoop.mapred.LocalJobRunner: map > map
2020-03-31 08:55:29,420 INFO org.apache.hadoop.mapred.MapTask: Starting flush of map output
2020-03-31 08:55:29,420 INFO org.apache.hadoop.mapred.MapTask: Spilling map output
2020-03-31 08:55:29,420 INFO org.apache.hadoop.mapred.MapTask: bufstart = 56679763; bufend = 77792659; bufvoid = 104857600
2020-03-31 08:55:29,420 INFO org.apache.hadoop.mapred.MapTask: kvstart = 14169936(56679744); kvend = 10148436(40593744); length = 4021501/6553600
2020-03-31 08:55:29,697 INFO org.apache.hadoop.mapred.LocalJobRunner: map > sort
2020-03-31 08:55:29,801 INFO org.apache.hadoop.mapreduce.Job:  map 33% reduce 0%
2020-03-31 08:55:30,651 INFO org.apache.hadoop.mapred.MapTask: Finished spill 1
2020-03-31 08:55:30,663 INFO org.apache.hadoop.mapred.Merger: Merging 2 sorted segments
2020-03-31 08:55:30,708 INFO org.apache.hadoop.mapred.Merger: Down to the last merge-pass, with 2 segments left of total size: 458 bytes
2020-03-31 08:55:30,717 INFO org.apache.hadoop.mapred.Task: Task:attempt_local1299732463_0001_m_000000_0 is done. And is in the process of committing
2020-03-31 08:55:30,726 INFO org.apache.hadoop.mapred.LocalJobRunner: map > sort
2020-03-31 08:55:30,727 INFO org.apache.hadoop.mapred.Task: Task 'attempt_local1299732463_0001_m_000000_0' done.
2020-03-31 08:55:30,727 INFO org.apache.hadoop.mapred.LocalJobRunner: Finishing task: attempt_local1299732463_0001_m_000000_0
2020-03-31 08:55:30,727 INFO org.apache.hadoop.mapred.LocalJobRunner: Starting task: attempt_local1299732463_0001_m_000001_0
2020-03-31 08:55:30,729 INFO org.apache.hadoop.mapreduce.lib.output.FileOutputCommitter: File Output Committer Algorithm version is 1
2020-03-31 08:55:30,729 INFO org.apache.hadoop.mapreduce.lib.output.FileOutputCommitter: FileOutputCommitter skip cleanup _temporary folders under output directory:false, ignore cleanup failures: false
2020-03-31 08:55:30,730 INFO org.apache.hadoop.mapred.Task:  Using ResourceCalculatorProcessTree : [ ]
2020-03-31 08:55:30,732 INFO org.apache.hadoop.mapred.MapTask: Processing split: hdfs://quickstart.cloudera:8020/user/cloudera/2459501/input1/2459501.csv:0+33554432
2020-03-31 08:55:30,845 INFO org.apache.hadoop.mapreduce.Job:  map 100% reduce 0%
2020-03-31 08:55:30,874 INFO org.apache.hadoop.mapred.MapTask: (EQUATOR) 0 kvi 26214396(104857584)
2020-03-31 08:55:30,875 INFO org.apache.hadoop.mapred.MapTask: mapreduce.task.io.sort.mb: 100
2020-03-31 08:55:30,875 INFO org.apache.hadoop.mapred.MapTask: soft limit at 83886080
2020-03-31 08:55:30,875 INFO org.apache.hadoop.mapred.MapTask: bufstart = 0; bufvoid = 104857600
2020-03-31 08:55:30,876 INFO org.apache.hadoop.mapred.MapTask: kvstart = 26214396; length = 6553600
2020-03-31 08:55:30,877 INFO org.apache.hadoop.mapred.MapTask: Map output collector class = org.apache.hadoop.mapred.MapTask$MapOutputBuffer
2020-03-31 08:55:38,676 INFO org.apache.hadoop.mapred.MapTask: Spilling map output
2020-03-31 08:55:38,676 INFO org.apache.hadoop.mapred.MapTask: bufstart = 0; bufend = 47611011; bufvoid = 104857600
2020-03-31 08:55:38,676 INFO org.apache.hadoop.mapred.MapTask: kvstart = 26214396(104857584); kvend = 17145636(68582544); length = 9068761/6553600
2020-03-31 08:55:38,677 INFO org.apache.hadoop.mapred.MapTask: (EQUATOR) 56679763 kvi 14169936(56679744)
2020-03-31 08:55:42,742 INFO org.apache.hadoop.mapred.LocalJobRunner: map > map
2020-03-31 08:55:42,831 INFO org.apache.hadoop.mapred.MapTask: Finished spill 0
2020-03-31 08:55:42,835 INFO org.apache.hadoop.mapred.MapTask: (RESET) equator 56679763 kv 14169936(56679744) kvi 12047400(48189600)
2020-03-31 08:55:42,853 INFO org.apache.hadoop.mapreduce.Job:  map 80% reduce 0%
2020-03-31 08:55:43,664 INFO org.apache.hadoop.mapred.LocalJobRunner: map > map
2020-03-31 08:55:43,664 INFO org.apache.hadoop.mapred.MapTask: Starting flush of map output
2020-03-31 08:55:43,664 INFO org.apache.hadoop.mapred.MapTask: Spilling map output
2020-03-31 08:55:43,665 INFO org.apache.hadoop.mapred.MapTask: bufstart = 56679763; bufend = 73747345; bufvoid = 104857600
2020-03-31 08:55:43,665 INFO org.apache.hadoop.mapred.MapTask: kvstart = 14169936(56679744); kvend = 10918972(43675888); length = 3250965/6553600
2020-03-31 08:55:44,382 INFO org.apache.hadoop.mapred.MapTask: Finished spill 1
2020-03-31 08:55:44,384 INFO org.apache.hadoop.mapred.Merger: Merging 2 sorted segments
2020-03-31 08:55:44,385 INFO org.apache.hadoop.mapred.Merger: Down to the last merge-pass, with 2 segments left of total size: 458 bytes
2020-03-31 08:55:44,387 INFO org.apache.hadoop.mapred.Task: Task:attempt_local1299732463_0001_m_000001_0 is done. And is in the process of committing
2020-03-31 08:55:44,395 INFO org.apache.hadoop.mapred.LocalJobRunner: map > sort
2020-03-31 08:55:44,395 INFO org.apache.hadoop.mapred.Task: Task 'attempt_local1299732463_0001_m_000001_0' done.
2020-03-31 08:55:44,395 INFO org.apache.hadoop.mapred.LocalJobRunner: Finishing task: attempt_local1299732463_0001_m_000001_0
2020-03-31 08:55:44,396 INFO org.apache.hadoop.mapred.LocalJobRunner: map task executor complete.
2020-03-31 08:55:44,416 INFO org.apache.hadoop.mapred.LocalJobRunner: Waiting for reduce tasks
2020-03-31 08:55:44,416 INFO org.apache.hadoop.mapred.LocalJobRunner: Starting task: attempt_local1299732463_0001_r_000000_0
2020-03-31 08:55:44,430 INFO org.apache.hadoop.mapreduce.lib.output.FileOutputCommitter: File Output Committer Algorithm version is 1
2020-03-31 08:55:44,430 INFO org.apache.hadoop.mapreduce.lib.output.FileOutputCommitter: FileOutputCommitter skip cleanup _temporary folders under output directory:false, ignore cleanup failures: false
2020-03-31 08:55:44,431 INFO org.apache.hadoop.mapred.Task:  Using ResourceCalculatorProcessTree : [ ]
2020-03-31 08:55:44,447 INFO org.apache.hadoop.mapred.ReduceTask: Using ShuffleConsumerPlugin: org.apache.hadoop.mapreduce.task.reduce.Shuffle@6f64227b
2020-03-31 08:55:44,525 INFO org.apache.hadoop.mapreduce.task.reduce.MergeManagerImpl: MergerManager: memoryLimit=679778688, maxSingleShuffleLimit=169944672, mergeThreshold=448653952, ioSortFactor=10, memToMemMergeOutputsThreshold=10
2020-03-31 08:55:44,544 INFO org.apache.hadoop.mapreduce.task.reduce.EventFetcher: attempt_local1299732463_0001_r_000000_0 Thread started: EventFetcher for fetching Map Completion Events
2020-03-31 08:55:44,727 INFO org.apache.hadoop.mapreduce.task.reduce.LocalFetcher: localfetcher#1 about to shuffle output of map attempt_local1299732463_0001_m_000000_0 decomp: 462 len: 466 to MEMORY
2020-03-31 08:55:44,730 INFO org.apache.hadoop.mapreduce.task.reduce.InMemoryMapOutput: Read 462 bytes from map-output for attempt_local1299732463_0001_m_000000_0
2020-03-31 08:55:44,735 INFO org.apache.hadoop.mapreduce.task.reduce.MergeManagerImpl: closeInMemoryFile -> map-output of size: 462, inMemoryMapOutputs.size() -> 1, commitMemory -> 0, usedMemory ->462
2020-03-31 08:55:44,753 INFO org.apache.hadoop.mapreduce.task.reduce.LocalFetcher: localfetcher#1 about to shuffle output of map attempt_local1299732463_0001_m_000001_0 decomp: 462 len: 466 to MEMORY
2020-03-31 08:55:44,757 INFO org.apache.hadoop.mapreduce.task.reduce.InMemoryMapOutput: Read 462 bytes from map-output for attempt_local1299732463_0001_m_000001_0
2020-03-31 08:55:44,757 INFO org.apache.hadoop.mapreduce.task.reduce.MergeManagerImpl: closeInMemoryFile -> map-output of size: 462, inMemoryMapOutputs.size() -> 2, commitMemory -> 462, usedMemory ->924
2020-03-31 08:55:44,758 INFO org.apache.hadoop.mapreduce.task.reduce.EventFetcher: EventFetcher is interrupted.. Returning
2020-03-31 08:55:44,759 INFO org.apache.hadoop.mapred.LocalJobRunner: 2 / 2 copied.
2020-03-31 08:55:44,759 INFO org.apache.hadoop.mapreduce.task.reduce.MergeManagerImpl: finalMerge called with 2 in-memory map-outputs and 0 on-disk map-outputs
2020-03-31 08:55:44,762 INFO org.apache.hadoop.mapred.Merger: Merging 2 sorted segments
2020-03-31 08:55:44,762 INFO org.apache.hadoop.mapred.Merger: Down to the last merge-pass, with 2 segments left of total size: 910 bytes
2020-03-31 08:55:44,775 INFO org.apache.hadoop.mapreduce.task.reduce.MergeManagerImpl: Merged 2 segments, 924 bytes to disk to satisfy reduce memory limit
2020-03-31 08:55:44,778 INFO org.apache.hadoop.mapreduce.task.reduce.MergeManagerImpl: Merging 1 files, 926 bytes from disk
2020-03-31 08:55:44,780 INFO org.apache.hadoop.mapreduce.task.reduce.MergeManagerImpl: Merging 0 segments, 0 bytes from memory into reduce
2020-03-31 08:55:44,780 INFO org.apache.hadoop.mapred.Merger: Merging 1 sorted segments
2020-03-31 08:55:44,781 INFO org.apache.hadoop.mapred.Merger: Down to the last merge-pass, with 1 segments left of total size: 915 bytes
2020-03-31 08:55:44,781 INFO org.apache.hadoop.mapred.LocalJobRunner: 2 / 2 copied.
2020-03-31 08:55:44,855 INFO org.apache.hadoop.mapreduce.Job:  map 100% reduce 0%
2020-03-31 08:55:44,936 INFO org.apache.hadoop.conf.Configuration.deprecation: mapred.skip.on is deprecated. Instead, use mapreduce.job.skiprecords
2020-03-31 08:55:45,418 INFO org.apache.hadoop.mapred.Task: Task:attempt_local1299732463_0001_r_000000_0 is done. And is in the process of committing
2020-03-31 08:55:45,430 INFO org.apache.hadoop.mapred.LocalJobRunner: 2 / 2 copied.
2020-03-31 08:55:45,430 INFO org.apache.hadoop.mapred.Task: Task attempt_local1299732463_0001_r_000000_0 is allowed to commit now
2020-03-31 08:55:45,457 INFO org.apache.hadoop.mapreduce.lib.output.FileOutputCommitter: Saved output of task 'attempt_local1299732463_0001_r_000000_0' to hdfs://quickstart.cloudera:8020/user/cloudera/output/_temporary/0/task_local1299732463_0001_r_000000
2020-03-31 08:55:45,458 INFO org.apache.hadoop.mapred.LocalJobRunner: reduce > reduce
2020-03-31 08:55:45,458 INFO org.apache.hadoop.mapred.Task: Task 'attempt_local1299732463_0001_r_000000_0' done.
2020-03-31 08:55:45,459 INFO org.apache.hadoop.mapred.LocalJobRunner: Finishing task: attempt_local1299732463_0001_r_000000_0
2020-03-31 08:55:45,459 INFO org.apache.hadoop.mapred.LocalJobRunner: reduce task executor complete.
2020-03-31 08:55:45,856 INFO org.apache.hadoop.mapreduce.Job:  map 100% reduce 100%
2020-03-31 08:55:45,857 INFO org.apache.hadoop.mapreduce.Job: Job job_local1299732463_0001 completed successfully
2020-03-31 08:55:45,943 INFO org.apache.hadoop.mapreduce.Job: Counters: 35
	File System Counters
		FILE: Number of bytes read=5978
		FILE: Number of bytes written=1066663
		FILE: Number of read operations=0
		FILE: Number of large read operations=0
		FILE: Number of write operations=0
		HDFS: Number of bytes read=174071823
		HDFS: Number of bytes written=326
		HDFS: Number of read operations=22
		HDFS: Number of large read operations=0
		HDFS: Number of write operations=8
	Map-Reduce Framework
		Map input records=6352501
		Map output records=6352500
		Map output bytes=133402500
		Map output materialized bytes=932
		Input split bytes=274
		Combine input records=6352500
		Combine output records=40
		Reduce input groups=10
		Reduce shuffle bytes=932
		Reduce input records=40
		Reduce output records=10
		Spilled Records=120
		Shuffled Maps =2
		Failed Shuffles=0
		Merged Map outputs=2
		GC time elapsed (ms)=837
		Total committed heap usage (bytes)=591212544
	Shuffle Errors
		BAD_ID=0
		CONNECTION=0
		IO_ERROR=0
		WRONG_LENGTH=0
		WRONG_MAP=0
		WRONG_REDUCE=0
	File Input Format Counters 
		Bytes Read=69210117
	File Output Format Counters 
		Bytes Written=326
2020-03-31 11:46:26,120 WARN org.apache.hadoop.util.NativeCodeLoader: Unable to load native-hadoop library for your platform... using builtin-java classes where applicable
2020-03-31 11:46:32,871 WARN org.apache.hadoop.hdfs.shortcircuit.DomainSocketFactory: The short-circuit local reads feature cannot be used because libhadoop cannot be loaded.
2020-03-31 11:46:33,691 INFO org.apache.hadoop.conf.Configuration.deprecation: session.id is deprecated. Instead, use dfs.metrics.session-id
2020-03-31 11:46:33,698 INFO org.apache.hadoop.metrics.jvm.JvmMetrics: Initializing JVM Metrics with processName=JobTracker, sessionId=
2020-03-31 11:46:35,108 WARN org.apache.hadoop.mapreduce.JobResourceUploader: Hadoop command-line option parsing not performed. Implement the Tool interface and execute your application with ToolRunner to remedy this.
2020-03-31 11:46:35,118 WARN org.apache.hadoop.mapreduce.JobResourceUploader: No job jar file set.  User classes may not be found. See Job or Job#setJar(String).
2020-03-31 11:46:35,154 INFO org.apache.hadoop.mapreduce.JobSubmitter: Cleaning up the staging area file:/var/lib/hadoop-hdfs/cache/cloudera/mapred/staging/cloudera1507180980/.staging/job_local1507180980_0001
2020-03-31 11:46:35,155 WARN org.apache.hadoop.security.UserGroupInformation: PriviledgedActionException as:cloudera (auth:SIMPLE) cause:org.apache.hadoop.mapreduce.lib.input.InvalidInputException: Input path does not exist: hdfs://quickstart.cloudera:8020/user/cloudera/2459501/input1/2459501.csv
